<?xml version="1.0" encoding="UTF-8"?>
<!-- Generated by org.testng.reporters.JUnitReportReporter -->
<testsuite skipped="0" hostname="LAPTOP-G2SQ9GRV" name="demo.DataProviderTest2" tests="2" failures="0" timestamp="16 Nov 2018 21:15:23 GMT" time="7.547" errors="0">
  <testcase name="VerifyvalidLogin" time="3.264" classname="demo.DataProviderTest2"/>
  <testcase name="VerifyvalidLogin" time="4.283" classname="demo.DataProviderTest2"/>
</testsuite> <!-- demo.DataProviderTest2 -->
